warning: Git tree '/home/hoid/nixos' is dirty
building the system configuration...
warning: Git tree '/home/hoid/nixos' is dirty
these 9 derivations will be built:
  /nix/store/83ja7sxppxzji1prjxmm2p8aw6mdl08y-vscode-extension-ms-vscode-hexeditor-1.10.0.drv
  /nix/store/fnpvs4cs9cdf5bq16xpmqy6rnxmds9z9-hm_.vscodeossextensions.extensionsimmutable.json.drv
  /nix/store/06z2fmkpcx8wyi89apf2f74mpw4yj5d0-home-manager-files.drv
  /nix/store/2yazr2wndb2x6ph3yxp6kpssjyfdnz9g-activation-script.drv
  /nix/store/pffrn62p9sgnhpwf7j0m80a70davs0xy-home-manager-generation.drv
  /nix/store/kfd1x2dssllsv4kv4spc237l38dvj1ib-unit-home-manager-hoid.service.drv
  /nix/store/smhk1fv49nm2r03p5k8ang320s33cx71-system-units.drv
  /nix/store/14zkpdrc1gs0fbapz0rcs8il3fdic3rb-etc.drv
  /nix/store/10k3kmn1dd0hxbr35rag6hfxbw9xb7hw-nixos-system-nixos-24.11.20240804.cb9a96f.drv
building '/nix/store/83ja7sxppxzji1prjxmm2p8aw6mdl08y-vscode-extension-ms-vscode-hexeditor-1.10.0.drv'...
building '/nix/store/fnpvs4cs9cdf5bq16xpmqy6rnxmds9z9-hm_.vscodeossextensions.extensionsimmutable.json.drv'...
building '/nix/store/2yazr2wndb2x6ph3yxp6kpssjyfdnz9g-activation-script.drv'...
building '/nix/store/06z2fmkpcx8wyi89apf2f74mpw4yj5d0-home-manager-files.drv'...
building '/nix/store/pffrn62p9sgnhpwf7j0m80a70davs0xy-home-manager-generation.drv'...
building '/nix/store/kfd1x2dssllsv4kv4spc237l38dvj1ib-unit-home-manager-hoid.service.drv'...
building '/nix/store/smhk1fv49nm2r03p5k8ang320s33cx71-system-units.drv'...
building '/nix/store/14zkpdrc1gs0fbapz0rcs8il3fdic3rb-etc.drv'...
building '/nix/store/10k3kmn1dd0hxbr35rag6hfxbw9xb7hw-nixos-system-nixos-24.11.20240804.cb9a96f.drv'...
activating the configuration...
setting up /etc...
reloading user units for hoid...
restarting sysinit-reactivation.target
restarting the following units: home-manager-hoid.service
